<?xml version="1.0" encoding="UTF-8"?>
<!-- Generated by org.testng.reporters.JUnitXMLReporter -->
<testsuite ignored="4" hostname="LTIN229442" failures="0" tests="3" name="chrometest" time="129.721" errors="0" timestamp="2024-02-13T11:10:02 IST">
  <testcase classname="testCases.TC_001_TravelInsurencePageTest" name="verify_Travel" time="67.77"/>
  <testcase classname="testCases.TC_001_CarInsurencePageTest" name="verify_carInsurence" time="19.56"/>
  <testcase classname="testCases.TC_003_HealthInsurencePageTest" name="verify_health" time="26.674"/>
  <testcase classname="testBase.baseClass" name="@BeforeTest setup" time="0.0">
    <ignored/>
  </testcase> <!-- @BeforeTest setup -->
  <testcase classname="testBase.baseClass" name="@AfterTest tearDown" time="0.0">
    <ignored/>
  </testcase> <!-- @AfterTest tearDown -->
  <testcase classname="testBase.baseClass" name="@BeforeTest setup" time="0.0">
    <ignored/>
  </testcase> <!-- @BeforeTest setup -->
  <testcase classname="testBase.baseClass" name="@AfterTest tearDown" time="0.0">
    <ignored/>
  </testcase> <!-- @AfterTest tearDown -->
</testsuite> <!-- chrometest -->
