<?xml version="1.0" encoding="UTF-8"?>
<!-- Generated by org.testng.reporters.JUnitXMLReporter -->
<testsuite ignored="4" hostname="LTIN229442" failures="0" tests="3" name="edgetest" time="122.49" errors="0" timestamp="2024-02-13T11:12:05 IST">
  <testcase classname="testCases.TC_001_TravelInsurencePageTest" name="verify_Travel" time="64.116"/>
  <testcase classname="testCases.TC_001_CarInsurencePageTest" name="verify_carInsurence" time="20.171"/>
  <testcase classname="testCases.TC_003_HealthInsurencePageTest" name="verify_health" time="25.591"/>
  <testcase classname="testBase.baseClass" name="@AfterTest tearDown" time="0.0">
    <ignored/>
  </testcase> <!-- @AfterTest tearDown -->
  <testcase classname="testBase.baseClass" name="@AfterTest tearDown" time="0.0">
    <ignored/>
  </testcase> <!-- @AfterTest tearDown -->
  <testcase classname="testBase.baseClass" name="@BeforeTest setup" time="0.0">
    <ignored/>
  </testcase> <!-- @BeforeTest setup -->
  <testcase classname="testBase.baseClass" name="@BeforeTest setup" time="0.0">
    <ignored/>
  </testcase> <!-- @BeforeTest setup -->
</testsuite> <!-- edgetest -->
