<?xml version="1.0" encoding="UTF-8"?>
<testng-results ignored="0" total="6" passed="6" failed="0" skipped="0">
  <reporter-output>
  </reporter-output>
  <suite started-at="2024-02-13T11:07:51 IST" name="Suite" finished-at="2024-02-13T11:12:04 IST" duration-ms="253738">
    <groups>
    </groups>
    <test started-at="2024-02-13T11:07:51 IST" name="chrometest" finished-at="2024-02-13T11:10:00 IST" duration-ms="129721">
      <class name="testCases.TC_003_HealthInsurencePageTest">
        <test-method signature="verify_health()[pri:3, instance:testCases.TC_003_HealthInsurencePageTest@6572421]" started-at="2024-02-13T11:09:32 IST" name="verify_health" finished-at="2024-02-13T11:09:59 IST" duration-ms="26674" status="PASS">
          <reporter-output>
          </reporter-output>
        </test-method> <!-- verify_health -->
      </class> <!-- testCases.TC_003_HealthInsurencePageTest -->
      <class name="testCases.TC_001_CarInsurencePageTest">
        <test-method signature="verify_carInsurence()[pri:2, instance:testCases.TC_001_CarInsurencePageTest@5b239d7d]" started-at="2024-02-13T11:09:12 IST" name="verify_carInsurence" finished-at="2024-02-13T11:09:32 IST" duration-ms="19560" status="PASS">
          <reporter-output>
          </reporter-output>
        </test-method> <!-- verify_carInsurence -->
      </class> <!-- testCases.TC_001_CarInsurencePageTest -->
      <class name="testCases.TC_001_TravelInsurencePageTest">
        <test-method is-config="true" signature="setup(java.lang.String,java.lang.String)[pri:0, instance:testCases.TC_001_TravelInsurencePageTest@6379eb]" started-at="2024-02-13T11:07:51 IST" name="setup" finished-at="2024-02-13T11:08:04 IST" duration-ms="12837" status="PASS">
          <params>
            <param index="0">
              <value>
                <![CDATA[Windows]]>
              </value>
            </param>
            <param index="1">
              <value>
                <![CDATA[chrome]]>
              </value>
            </param>
          </params>
          <reporter-output>
          </reporter-output>
        </test-method> <!-- setup -->
        <test-method signature="verify_Travel()[pri:1, instance:testCases.TC_001_TravelInsurencePageTest@6379eb]" started-at="2024-02-13T11:08:04 IST" name="verify_Travel" finished-at="2024-02-13T11:09:12 IST" duration-ms="67770" status="PASS">
          <reporter-output>
          </reporter-output>
        </test-method> <!-- verify_Travel -->
        <test-method is-config="true" signature="tearDown()[pri:0, instance:testCases.TC_001_TravelInsurencePageTest@6379eb]" started-at="2024-02-13T11:09:59 IST" name="tearDown" finished-at="2024-02-13T11:10:00 IST" duration-ms="1224" status="PASS">
          <reporter-output>
          </reporter-output>
        </test-method> <!-- tearDown -->
      </class> <!-- testCases.TC_001_TravelInsurencePageTest -->
    </test> <!-- chrometest -->
    <test started-at="2024-02-13T11:10:02 IST" name="edgetest" finished-at="2024-02-13T11:12:04 IST" duration-ms="122490">
      <class name="testCases.TC_003_HealthInsurencePageTest">
        <test-method signature="verify_health()[pri:3, instance:testCases.TC_003_HealthInsurencePageTest@1bd4fdd]" started-at="2024-02-13T11:11:37 IST" name="verify_health" finished-at="2024-02-13T11:12:03 IST" duration-ms="25591" status="PASS">
          <reporter-output>
          </reporter-output>
        </test-method> <!-- verify_health -->
      </class> <!-- testCases.TC_003_HealthInsurencePageTest -->
      <class name="testCases.TC_001_CarInsurencePageTest">
        <test-method signature="verify_carInsurence()[pri:2, instance:testCases.TC_001_CarInsurencePageTest@35e2d654]" started-at="2024-02-13T11:11:17 IST" name="verify_carInsurence" finished-at="2024-02-13T11:11:37 IST" duration-ms="20171" status="PASS">
          <reporter-output>
          </reporter-output>
        </test-method> <!-- verify_carInsurence -->
      </class> <!-- testCases.TC_001_CarInsurencePageTest -->
      <class name="testCases.TC_001_TravelInsurencePageTest">
        <test-method is-config="true" signature="setup(java.lang.String,java.lang.String)[pri:0, instance:testCases.TC_001_TravelInsurencePageTest@747ddf94]" started-at="2024-02-13T11:10:02 IST" name="setup" finished-at="2024-02-13T11:10:12 IST" duration-ms="10220" status="PASS">
          <params>
            <param index="0">
              <value>
                <![CDATA[Windows]]>
              </value>
            </param>
            <param index="1">
              <value>
                <![CDATA[edge]]>
              </value>
            </param>
          </params>
          <reporter-output>
          </reporter-output>
        </test-method> <!-- setup -->
        <test-method signature="verify_Travel()[pri:1, instance:testCases.TC_001_TravelInsurencePageTest@747ddf94]" started-at="2024-02-13T11:10:12 IST" name="verify_Travel" finished-at="2024-02-13T11:11:16 IST" duration-ms="64116" status="PASS">
          <reporter-output>
          </reporter-output>
        </test-method> <!-- verify_Travel -->
        <test-method is-config="true" signature="tearDown()[pri:0, instance:testCases.TC_001_TravelInsurencePageTest@747ddf94]" started-at="2024-02-13T11:12:03 IST" name="tearDown" finished-at="2024-02-13T11:12:04 IST" duration-ms="1314" status="PASS">
          <reporter-output>
          </reporter-output>
        </test-method> <!-- tearDown -->
      </class> <!-- testCases.TC_001_TravelInsurencePageTest -->
    </test> <!-- edgetest -->
  </suite> <!-- Suite -->
</testng-results>
