<?xml version="1.0" encoding="UTF-8"?>
<testsuite xmlns:xsi="http://www.w3.org/2001/XMLSchema-instance" xsi:noNamespaceSchemaLocation="https://maven.apache.org/surefire/maven-surefire-plugin/xsd/surefire-test-report-3.0.xsd" version="3.0" name="TestSuite" time="255.135" tests="6" errors="0" skipped="0" failures="0">
  <properties>
[...]
</properties>
  <testcase name="verify_Travel" classname="testCases.TC_001_TravelInsurencePageTest" time="68.263">
    <system-out><![CDATA[nextButton is clicked!!!!!
February 2024
March 2024
March 2024
]]></system-out>
    <system-err><![CDATA[SLF4J(W): No SLF4J providers were found.
SLF4J(W): Defaulting to no-operation (NOP) logger implementation
SLF4J(W): See https://www.slf4j.org/codes.html#noProviders for further details.
]]></system-err>
  </testcase>
  <testcase name="verify_Travel" classname="testCases.TC_001_TravelInsurencePageTest" time="64.473">
    <system-out><![CDATA[nextButton is clicked!!!!!
February 2024
March 2024
March 2024
]]></system-out>
    <system-err><![CDATA[Feb 13, 2024 11:10:07 AM org.openqa.selenium.devtools.CdpVersionFinder findNearestMatch
WARNING: Unable to find an exact match for CDP version 121, returning the closest version; found: 120; Please update to a Selenium version that supports CDP version 121
]]></system-err>
  </testcase>
  <testcase name="verify_carInsurence" classname="testCases.TC_001_CarInsurencePageTest" time="19.902">
    <system-out><![CDATA[Please enter a valid e-mail ID.

]]></system-out>
  </testcase>
  <testcase name="verify_carInsurence" classname="testCases.TC_001_CarInsurencePageTest" time="20.685">
    <system-out><![CDATA[Please enter a valid e-mail ID.

]]></system-out>
  </testcase>
  <testcase name="verify_health" classname="testCases.TC_003_HealthInsurencePageTest" time="26.846">
    <system-out><![CDATA[Family Health Insurance
Senior Citizen Health Insurance
Health Insurance for Parents
Best Health Insurance Plans
Maternity Insurance
Health Insurance Portability
Mediclaim Policy
Critical Illness Insurance
Health Insurance Calculator
Health Insurance Companies
Health Insurance for NRIs
Health Insurance Claim
]]></system-out>
  </testcase>
  <testcase name="verify_health" classname="testCases.TC_003_HealthInsurencePageTest" time="25.786">
    <system-out><![CDATA[Family Health Insurance
Senior Citizen Health Insurance
Health Insurance for Parents
Best Health Insurance Plans
Maternity Insurance
Health Insurance Portability
Mediclaim Policy
Critical Illness Insurance
Health Insurance Calculator
Health Insurance Companies
Health Insurance for NRIs
Health Insurance Claim
]]></system-out>
  </testcase>
</testsuite>